<?xml version="1.0" encoding="UTF-8"?>
<testng-results ignored="0" total="2" passed="2" failed="0" skipped="0">
  <reporter-output>
  </reporter-output>
  <suite started-at="2024-08-21T12:24:34 PDT" name="masterSuite" finished-at="2024-08-21T12:24:50 PDT" duration-ms="15719">
    <groups>
      <group name="Master">
        <method signature="LoginTest.loginbuton()[pri:0, instance:TestCase.LoginTest@5be6e01c]" name="loginbuton" class="TestCase.LoginTest"/>
        <method signature="TC_001_AccountRegistrationTest.verify_account_registration()[pri:0, instance:TestCase.TC_001_AccountRegistrationTest@1184ab05]" name="verify_account_registration" class="TestCase.TC_001_AccountRegistrationTest"/>
      </group> <!-- Master -->
      <group name="Sanity">
        <method signature="TC_001_AccountRegistrationTest.verify_account_registration()[pri:0, instance:TestCase.TC_001_AccountRegistrationTest@1184ab05]" name="verify_account_registration" class="TestCase.TC_001_AccountRegistrationTest"/>
      </group> <!-- Sanity -->
      <group name="Regression">
        <method signature="LoginTest.loginbuton()[pri:0, instance:TestCase.LoginTest@5be6e01c]" name="loginbuton" class="TestCase.LoginTest"/>
      </group> <!-- Regression -->
    </groups>
    <test started-at="2024-08-21T12:24:34 PDT" name="Test" finished-at="2024-08-21T12:24:50 PDT" duration-ms="15719">
      <class name="TestCase.LoginTest">
        <test-method is-config="true" signature="setup(java.lang.String,java.lang.String)[pri:0, instance:TestCase.LoginTest@5be6e01c]" started-at="2024-08-21T12:24:44 PDT" name="setup" finished-at="2024-08-21T12:24:48 PDT" duration-ms="3689" status="PASS">
          <params>
            <param index="0">
              <value>
                <![CDATA[macos]]>
              </value>
            </param>
            <param index="1">
              <value>
                <![CDATA[chrome]]>
              </value>
            </param>
          </params>
          <reporter-output>
          </reporter-output>
        </test-method> <!-- setup -->
        <test-method signature="loginbuton()[pri:0, instance:TestCase.LoginTest@5be6e01c]" started-at="2024-08-21T12:24:48 PDT" name="loginbuton" finished-at="2024-08-21T12:24:50 PDT" duration-ms="1587" status="PASS">
          <reporter-output>
          </reporter-output>
        </test-method> <!-- loginbuton -->
        <test-method is-config="true" signature="tearDown()[pri:0, instance:TestCase.LoginTest@5be6e01c]" started-at="2024-08-21T12:24:50 PDT" name="tearDown" finished-at="2024-08-21T12:24:50 PDT" duration-ms="82" status="PASS">
          <reporter-output>
          </reporter-output>
        </test-method> <!-- tearDown -->
      </class> <!-- TestCase.LoginTest -->
      <class name="TestCase.TC_001_AccountRegistrationTest">
        <test-method is-config="true" signature="setup(java.lang.String,java.lang.String)[pri:0, instance:TestCase.TC_001_AccountRegistrationTest@1184ab05]" started-at="2024-08-21T12:24:34 PDT" name="setup" finished-at="2024-08-21T12:24:39 PDT" duration-ms="4608" status="PASS">
          <params>
            <param index="0">
              <value>
                <![CDATA[macos]]>
              </value>
            </param>
            <param index="1">
              <value>
                <![CDATA[chrome]]>
              </value>
            </param>
          </params>
          <reporter-output>
          </reporter-output>
        </test-method> <!-- setup -->
        <test-method signature="verify_account_registration()[pri:0, instance:TestCase.TC_001_AccountRegistrationTest@1184ab05]" started-at="2024-08-21T12:24:39 PDT" name="verify_account_registration" finished-at="2024-08-21T12:24:44 PDT" duration-ms="5405" status="PASS">
          <reporter-output>
          </reporter-output>
        </test-method> <!-- verify_account_registration -->
        <test-method is-config="true" signature="tearDown()[pri:0, instance:TestCase.TC_001_AccountRegistrationTest@1184ab05]" started-at="2024-08-21T12:24:44 PDT" name="tearDown" finished-at="2024-08-21T12:24:44 PDT" duration-ms="157" status="PASS">
          <reporter-output>
          </reporter-output>
        </test-method> <!-- tearDown -->
      </class> <!-- TestCase.TC_001_AccountRegistrationTest -->
    </test> <!-- Test -->
  </suite> <!-- masterSuite -->
</testng-results>
