<?xml version="1.0" encoding="UTF-8"?>
<testsuite xmlns:xsi="http://www.w3.org/2001/XMLSchema-instance" xsi:noNamespaceSchemaLocation="https://maven.apache.org/surefire/maven-surefire-plugin/xsd/surefire-test-report.xsd" version="3.0.2" name="TestSuite" time="16.638" tests="2" errors="0" skipped="0" failures="0">
  <properties>
[...]
</properties>
  <testcase name="verify_account_registration" classname="TestCase.TC_001_AccountRegistrationTest" time="5.411">
    <system-out><![CDATA[2024-08-21 12:24:39 INFO  BaseClass:30 -  *****starting the acoountregistrationlink testcase***
2024-08-21 12:24:39 INFO  BaseClass:35 -  clicked on Myaccount
2024-08-21 12:24:40 INFO  BaseClass:38 -  clicked on register
2024-08-21 12:24:40 INFO  BaseClass:41 -  entering the user details
2024-08-21 12:24:41 INFO  BaseClass:56 -  clicked on continue
2024-08-21 12:24:44 INFO  BaseClass:61 -  validating the expected messesage
2024-08-21 12:24:44 INFO  BaseClass:70 - ***finished the accountregistrationlink***
]]></system-out>
    <system-err><![CDATA[SLF4J(W): No SLF4J providers were found.
SLF4J(W): Defaulting to no-operation (NOP) logger implementation
SLF4J(W): See https://www.slf4j.org/codes.html#noProviders for further details.
SLF4J(W): Class path contains SLF4J bindings targeting slf4j-api versions 1.7.x or earlier.
SLF4J(W): Ignoring binding found at [jar:file:/Users/Tittu/.m2/repository/ch/qos/logback/logback-classic/1.2.10/logback-classic-1.2.10.jar!/org/slf4j/impl/StaticLoggerBinder.class]
SLF4J(W): See https://www.slf4j.org/codes.html#ignoredBindings for an explanation.
]]></system-err>
  </testcase>
  <testcase name="loginbuton" classname="TestCase.LoginTest" time="1.588">
    <system-out><![CDATA[2024-08-21 12:24:48 INFO  BaseClass:17 - ***** login testcase has started******
2024-08-21 12:24:50 INFO  BaseClass:34 - ***** login testcase has ended******
]]></system-out>
  </testcase>
</testsuite>