<?xml version="1.0" encoding="UTF-8"?>
<!-- Generated by org.testng.reporters.JUnitXMLReporter -->
<testsuite ignored="2" hostname="c624lm2tv3d4htd.us624.corpintra.net" failures="0" tests="0" time="0.207" errors="0" timestamp="2024-08-19T13:44:51 PDT">
  <testcase classname="TestCase.LoginTest" name="loginbuton" time="0.0">
    <ignored/>
  </testcase> <!-- loginbuton -->
  <testcase classname="TestCase.TC_001_AccountRegistrationTest" name="verify_account_registration" time="0.0">
    <ignored/>
  </testcase> <!-- verify_account_registration -->
</testsuite>
